<?xml version="1.0" encoding="UTF-8"?>
<testsuite name="TechlisticTestng" tests="3" skipped="0" failures="0" errors="0" timestamp="2024-12-19T14:29:51" hostname="DESKTOP-42KN1G2" time="4.048">
  <properties/>
  <testcase name="openBrowser[0](Chrome)" classname="TechlisticTestng" time="3.549"/>
  <testcase name="validateHomePage" classname="TechlisticTestng" time="0.341"/>
  <testcase name="quitNow" classname="TechlisticTestng" time="0.157"/>
  <system-out><![CDATA[Test openBrowser started
Application ran successfully, thanks
Browser launched
pushed on dev enviornment 
Test validateHomePage started
Assertion Passed: Page title matches.
Test quitNow started
]]></system-out>
  <system-err><![CDATA[Dec 19, 2024 7:59:52 PM org.openqa.selenium.devtools.CdpVersionFinder findNearestMatch
WARNING: Unable to find an exact match for CDP version 131, returning the closest version; found: 129; Please update to a Selenium version that supports CDP version 131
]]></system-err>
</testsuite>
