<?xml version="1.0" encoding="UTF-8"?>
<testsuite name="TechlisticTestng" tests="2" skipped="0" failures="0" errors="0" timestamp="2024-12-21T15:11:27" hostname="DESKTOP-42KN1G2" time="4.439">
  <properties/>
  <testcase name="openBrowser[0](Chrome)" classname="TechlisticTestng" time="4.168"/>
  <testcase name="validateHomePage" classname="TechlisticTestng" time="0.271"/>
  <system-out><![CDATA[Test openBrowser started
Application ran successfully, thanks
Browser launched
pushed on dev enviornment 
Test openBrowser Pass
Test validateHomePage started
Assertion Passed: Page title matches.
Test validateHomePage Pass
]]></system-out>
  <system-err><![CDATA[[Test worker] INFO io.github.bonigarcia.wdm.WebDriverManager - Using chromedriver 131.0.6778.204 (resolved driver for Chrome 131)
[Test worker] INFO io.github.bonigarcia.wdm.WebDriverManager - Exporting webdriver.chrome.driver as C:\Users\Praveen Shukla\.cache\selenium\chromedriver\win64\131.0.6778.204\chromedriver.exe
Dec 21, 2024 8:41:29 PM org.openqa.selenium.devtools.CdpVersionFinder findNearestMatch
WARNING: Unable to find an exact match for CDP version 131, returning the closest version; found: 129; Please update to a Selenium version that supports CDP version 131
]]></system-err>
</testsuite>
